1. Interline: 1 Lauf: 
0.013

2 Lauf: 
0.011

3 Lauf: 
0.011

2. Interline: 1 Lauf: 
0.011

2 Lauf: 
0.012

3 Lauf: 
0.011

4. Interline: 1 Lauf: 
0.017

2 Lauf: 
0.015

3 Lauf: 
0.015

8. Interline: 1 Lauf: 
0.031

2 Lauf: 
0.023

3 Lauf: 
0.030

16. Interline: 1 Lauf: 
0.062

2 Lauf: 
0.085

3 Lauf: 
0.088

32. Interline: 1 Lauf: 
0.279

2 Lauf: 
0.330

3 Lauf: 
0.308

64. Interline: 1 Lauf: 
1.040

2 Lauf: 
0.965

3 Lauf: 
0.991

128. Interline: 1 Lauf: 
3.468

2 Lauf: 
4.725

3 Lauf: 
4.833

256. Interline: 1 Lauf: 
12.493

2 Lauf: 
12.678

3 Lauf: 
13.032

512. Interline: 1 Lauf: 
50.377

2 Lauf: 
52.044

3 Lauf: 
56.853

1024. Interline: 1 Lauf: 
196.921

2 Lauf: 
195.580

3 Lauf: 
195.870

